Start time: 1548869307
AST - 4_nextcloud_android
AST - 6_blankj_androidutilcode
AST - 7_meganz_android
AST - 17_ttdevs_android
AST - 33_jaydenxiao2016_androidfire
AST - 36_jackyandroid_androidchromium
AST - 44_drklo_telegram
AST - 55_jz-darkal_androidhttpcapture
AST - 71_survivingwithandroid_surviving-with-android
AST - 149_jackpal_android-terminal-emulator
AST - 218_guardianproject_chatsecureandroid
AST - 236_googlesamples_android-fingerprintdialog
AST - 306_mcxiaoke_android-next
AST - 315_ukanth_afwall
AST - 327_coinomi_coinomi-android
AST - 333_google_google-authenticator-android
AST - 360_aliyun_alicloud-android-demo
AST - 362_calebfenton_simplify
AST - 368_bpellin_keepassdroid
AST - 378_aws-amplify_aws-sdk-android
AST - 391_breadwallet_breadwallet-android
AST - 398_twitter_twitter-kit-android
AST - 399_sromku_android-storage
AST - 426_butterproject_butter-android
AST - 429_applozic_applozic-android-sdk
AST - 441_forcedotcom_salesforcemobilesdk-android
AST - 444_teamamaze_amazefilemanager
AST - 455_gcssloop_encrypt
AST - 485_federicoiosue_omni-notes
AST - 497_dineshshetty_android-insecurebankv2
AST - 504_zeapo_android-password-store
AST - 509_espressifapp_esptouchforandroid
AST - 520_braintree_braintree_android
AST - 521_freeotp_freeotp-android
AST - 530_nelenkov_android-backup-extractor
AST - 578_aliyun_aliyun-oss-android-sdk
AST - 583_dreamingincodezh_douya
AST - 584_open-keychain_open-keychain
AST - 602_wordpress-mobile_passcodelock-android
AST - 604_haiwen_seadroid
AST - 622_cheikh-wang_lazywaimai-android
AST - 636_klinker24_talon-for-twitter-android
AST - 638_uccmawei_fingerprintidentify
AST - 639_cgeo_cgeo
AST - 653_consenlabs_token-core-android
AST - 659_topjohnwu_magiskmanager
AST - 672_fanhua1994_xbaseandroid
AST - 673_fossasia_loklak_wok_android
AST - 679_samourai-wallet_samourai-wallet-android
AST - 686_philippc_keepass2android
AST - 730_trustwallet_trust-wallet-android-source
AST - 738_cloudant_sync-android
AST - 748_moneymanagerex_android-money-manager-ex
AST - 761_tomroush_pdfbox-android
AST - 763_jwtk_jjwt
AST - 771_gjson_androidtools
AST - 780_web3j_web3j
AST - 795_mogoweb_365browser
AST - 820_niranjan94_show-java
AST - 844_victoralbertos_rxcache
AST - 872_bobomee_android-demos
AST - 877_eugenehoran_android-material-searchview
AST - 882_zom_zom-android
AST - 889_infinum_android-goldfinger
AST - 893_topjohnwu_magisk
AST - 909_m2049r_xmrwallet
AST - 911_plutoarchitecture_pluto-android
AST - 923_signalapp_libsignal-protocol-java
AST - 939_horaapps_leafpic
AST - 951_siacs_conversations
AST - 956_pubnub_java
AST - 971_klinker24_talon-twitter-holo
AST - 1044_corbinlc_gnurootdebian
AST - 1055_puffopensource_puff-android
AST - 1062_jecelyin_920-text-editor-v2
AST - 1069_gpfduoduo_airplay-receiver-on-android
AST - 1124_pazaan_600seriesandroiduploader
AST - 1162_gjtorikian_shelves
AST - 1191_googlesamples_android-confirmcredential
AST - 1205_0xbb_otp-authenticator
AST - 1228_tozny_java-aes-crypto
AST - 1294_ophio_secure-preferences
AST - 1297_netease_emmagee
AST - 1305_fyhertz_spydroid-ipcamera
AST - 1325_fmstrat_odm
AST - 1408_multidots_android-fingerprint-authentication
AST - 1409_mauin_rxfingerprint
AST - 1453_google_samba-documents-provider
AST - 1527_qiniu_happy-dns-android
AST - 1529_victoralbertos_rxsocialconnect-android
AST - 1557_maxsmile_easyvpn-free
AST - 1586_puredark_h-viewer
AST - 1606_materialos_android-icon-pack
AST - 1629_8enet_appopsx
AST - 1740_mummyding_awesome-campus
AST - 1749_cternes_openkeepass
AST - 1766_greenaddress_walletcordova
AST - 1792_google_capillary
AST - 1890_harshalbenake_hbworkspace2-100
AST - 1899_maxcamillo_android-keystore-password-recover
AST - 1938_arachnid-27_cimoc
AST - 1942_yuger_vpn_2017
AST - 1961_jenly1314_wanandroid
AST - 1962_aa112901_remusic
AST - 1995_kangdongpu_wanandroid
AST - 2027_yanzhenjie_nohttp
AST - 2059_commonsguy_cw-omnibus
AST - 2130_yanzhenjie_kalle
AST - 2143_eric0liang_cardocr
AST - 2168_ac-pm_inspeckage
AST - 2201_quicklyric_quicklyric
AST - 2213_czp3009_bilibili-api
AST - 2242_f-droid_fdroidclient
AST - 2252_qpython-android_qpython
AST - 2256_samuelhuahui_sun
AST - 2261_kevalpatel2106_passcodeview
AST - 2281_commonsguy_cw-androidarch
AST - 2293_silenceim_silence
AST - 2320_oraclechain_pocketeos-android
AST - 2332_telegram-foss-team_telegram-foss
AST - 2335_yandextaxitech_binaryprefs
AST - 2349_bihe0832_android-getapkinfo
AST - 2352_charlieandroiddev_instagram4android
AST - 2368_appium_sign
AST - 2430_nisrulz_android-examples
AST - 2453_adorsys_secure-storage-android
AST - 2517_popcorn-official_popcorn-android
AST - 2635_xiaohaibin_openeyes
AST - 2642_manuelsc_lunary-ethereum-wallet
AST - 2645_rtyley_spongycastle
AST - 2658_onyxbits_raccoon4
AST - 2688_litepalframework_litepal
AST - 2697_limedroid_xdroidmvp
AST - 2731_novoda_android-demos
AST - 2769_panpf_android-toolbox
AST - 2864_crossbario_autobahn-java
AST - 2868_mjwheatley_cordova-plugin-android-fingerprint-auth
AST - 2902_simbiose_encryption
AST - 2907_kunzisoft_keepassdx
AST - 2912_ljycoder_devring
AST - 2956_nisrulz_android-utils
AST - 2961_wiglenet_wigle-wifi-wardriving
AST - 2963_konloch_bytecode-viewer
AST - 2974_tgwizard_sls
AST - 3006_senhlinsh_utils-everywhere
AST - 3014_paypal_selion
AST - 3015_fly803_baseproject
AST - 3021_vondear_rxtool
AST - 3056_omadahealth_lollipin
AST - 3094_javiersantos_piracychecker
AST - 3105_schwabe_ics-openvpn
AST - 3159_citiususc_calendula
AST - 3162_murgo_irssinotifier
AST - 3166_mcodex_react-native-sensitive-info
AST - 3182_tencent_soter
AST - 3190_signalapp_libsignal-service-java
AST - 3195_megatronking_stringfog
AST - 3203_iammehedi_secured-preference-store
AST - 3219_dizitart_nitrite-database
AST - 3222_opentelecoms-org_lumicall
AST - 3235_surespot_android
AST - 3249_shwenzhang_andresguard
AST - 3289_azuread_azure-activedirectory-library-for-android
AST - 3304_oblador_react-native-keychain
AST - 3305_termux_termux-api
AST - 3308_l123456789jy_lazy
AST - 3329_jackwhliu_jackknife
AST - 3339_antest1_kcanotify
AST - 3364_skydoves_preferenceroom
AST - 3375_hankkin_reading
AST - 3463_connectbot_connectbot
AST - 3485_thirtydegreesray_openhub
AST - 3494_tasks_tasks
AST - 3540_novoda_spikes
AST - 3562_x-falcon_virtual-hosts
AST - 3563_rehacktive_waspdb
AST - 3571_gravitybox_gravitybox
AST - 3582_owncloud_android
AST - 3588_fetlife_android
AST - 3589_signalapp_signal-android
AST - 3605_google_exoplayer
AST - 3630_mycelium-com_wallet-android
AST - 3706_kde_kdeconnect-android
AST - 3707_matrix-org_matrix-android-sdk
AST - 3720_nextcloud_talk-android
AST - 3726_andotp_andotp
AST - 3731_playerone-id_eoscommander
AST - 3732_mtotschnig_myexpenses
AST - 3740_mpusher_mpush
AST - 3755_uwetrottmann_seriesguide
AST - 3759_jamorham_xdrip-plus
AST - 3760_iiordanov_remote-desktop-clients
AST - 3769_pedrosg94_rtmp-rtsp-stream-client-java
AST - 3777_m66b_open-source-email
AST - 3782_shouheng88_marknote
AST - 3784_opendatakit_collect
AST - 3789_freeyourgadget_gadgetbridge
AST - 3801_find-sec-bugs_find-sec-bugs
AST - 3820_ant-media_ant-media-server
AST - 3823_afkt_devutils
End time: 1548872426
Time to process: 3119 seconds
